 %% PLEASE DO NOT MODIFY OR DELETE THIS FILE! %% 
 %% This file contains information about the installation of an application. %% 
 %% It will be used to automatically remove all application components from your computer if you choose to do so. %% 


NOTE: Beginning of the bootstrapper section

CONFIG: Title: "ScoreKeeper"

ACTION: RegKey: "HKEY_LOCAL_MACHINE\SOFTWARE\Microsoft\Windows\CurrentVersion", "SharedDLLs"

ACTION: SystemFile: "C:\WINDOWS\system32\VB6STKIT.DLL"
(File was not found or was an older version -- new file copied)

ACTION: SystemFile: "C:\WINDOWS\system32\COMCAT.DLL"
(File currently on disk was already up to date)

ACTION: SystemFile: "C:\WINDOWS\system32\olepro32.dll"
(File currently on disk was already up to date)

ACTION: SystemFile: "C:\WINDOWS\system32\stdole2.tlb"
(File currently on disk was already up to date)

ACTION: DllSelfRegister: "C:\WINDOWS\SYSTEM32\COMCAT.DLL"

ACTION: DllSelfRegister: "C:\WINDOWS\SYSTEM32\olepro32.dll"

ACTION: TLBRegister: "C:\WINDOWS\SYSTEM32\stdole2.tlb"

NOTE: End of the bootstrapper section

NOTE: Now spawning the main Setup program 'Setup1.exe'....

ACTION: CreateDir: "C:\Program Files\ScoreKeeper"

ACTION: CreateDir: "C:\Documents and Settings\steve\Start Menu\Programs\ScoreKeeper"

ACTION: CreateDir: "C:\Program Files\ScoreKeeper\MathsDay"

ACTION: PrivateFile: "C:\Program Files\ScoreKeeper\MathsDay\MD2008.MDB"
(File was not found or was an older version -- new file copied)

ACTION: PrivateFile: "C:\Program Files\ScoreKeeper\MathsDay\MD2007.MDB"
(File was not found or was an older version -- new file copied)

ACTION: PrivateFile: "C:\Program Files\ScoreKeeper\MathsDay\MD2006.MDB"
(File was not found or was an older version -- new file copied)

ACTION: PrivateFile: "C:\Program Files\ScoreKeeper\MathsDay\MD2005.MDB"
(File was not found or was an older version -- new file copied)

ACTION: PrivateFile: "C:\Program Files\ScoreKeeper\ToUseOldSystem.txt"
(File was not found or was an older version -- new file copied)

ACTION: PrivateFile: "C:\Program Files\ScoreKeeper\ResultsSummary.doc"
(File was not found or was an older version -- new file copied)

ACTION: PrivateFile: "C:\Program Files\ScoreKeeper\ScoreKeeper.cfg"
(File was not found or was an older version -- new file copied)

ACTION: PrivateFile: "C:\Program Files\ScoreKeeper\ASRWMacro.txt"
(File was not found or was an older version -- new file copied)

ACTION: PrivateFile: "C:\Program Files\ScoreKeeper\SKHELP.HLP"
(File was not found or was an older version -- new file copied)

ACTION: PrivateFile: "C:\Program Files\ScoreKeeper\SKHELP.GID"
(File was not found or was an older version -- new file copied)

ACTION: PrivateFile: "C:\Program Files\ScoreKeeper\Master.md$"
(File was not found or was an older version -- new file copied)

ACTION: PrivateFile: "C:\Program Files\ScoreKeeper\MASTER.Bak"
(File was not found or was an older version -- new file copied)

ACTION: PrivateFile: "C:\Program Files\ScoreKeeper\Empty.md$"
(File was not found or was an older version -- new file copied)

ACTION: PrivateFile: "C:\Program Files\ScoreKeeper\ASRMaster.doc"
(File was not found or was an older version -- new file copied)

ACTION: SharedFile: "C:\WINDOWS\system32\TABCTL32.OCX"
(File currently on disk was already up to date)

ACTION: SharedFile: "C:\WINDOWS\system32\THREED32.OCX"
(File was not found or was an older version -- new file copied)

ACTION: SharedFile: "C:\WINDOWS\system32\SPIN32.OCX"
(File was not found or was an older version -- new file copied)

ACTION: SharedFile: "C:\WINDOWS\system32\comdlg32.ocx"
(File was not found or was an older version -- new file copied)

ACTION: PrivateFile: "C:\WINDOWS\system32\GRID32.OCX"
(File was not found or was an older version -- new file copied)

ACTION: SharedFile: "C:\WINDOWS\system32\dao360.dll"
(File was not found or was an older version -- new file copied)

ACTION: PrivateFile: "C:\Program Files\ScoreKeeper\ScoreKeeper.exe"
(File was not found or was an older version -- new file copied)

ACTION: DllSelfRegister: "C:\WINDOWS\system32\TABCTL32.OCX"

ACTION: DllSelfRegister: "C:\WINDOWS\system32\THREED32.OCX"

ACTION: DllSelfRegister: "C:\WINDOWS\system32\SPIN32.OCX"

ACTION: DllSelfRegister: "C:\WINDOWS\system32\comdlg32.ocx"

ACTION: DllSelfRegister: "C:\WINDOWS\system32\dao360.dll"

ACTION: ShellLink: "ScoreKeeper", "ScoreKeeper"

ACTION: RegKey: "HKEY_LOCAL_MACHINE\SOFTWARE\Microsoft\Windows\CurrentVersion", "App Paths\ScoreKeeper.exe"

ACTION: RegValue: "HKEY_LOCAL_MACHINE\SOFTWARE\Microsoft\Windows\CurrentVersion\App Paths\ScoreKeeper.exe", ""

