This is pdfTeX, Version 3.14159265-2.6-1.40.16 (TeX Live 2015/Debian) (preloaded format=pdflatex 2018.10.15)  25 MAR 2019 15:32
entering extended mode
 \write18 enabled.
 %&-line parsing enabled.
**IndividulSchoolTemplate.tex
(./IndividulSchoolTemplate.tex
LaTeX2e <2016/02/01>
Babel <3.9q> and hyphenation patterns for 3 language(s) loaded.
(/usr/share/texlive/texmf-dist/tex/latex/base/article.cls
Document Class: article 2014/09/29 v1.4h Standard LaTeX document class
(/usr/share/texlive/texmf-dist/tex/latex/base/size10.clo
File: size10.clo 2014/09/29 v1.4h Standard LaTeX file (size option)
)
\c@part=\count79
\c@section=\count80
\c@subsection=\count81
\c@subsubsection=\count82
\c@paragraph=\count83
\c@subparagraph=\count84
\c@figure=\count85
\c@table=\count86
\abovecaptionskip=\skip41
\belowcaptionskip=\skip42
\bibindent=\dimen102
)
(./IndividulSchoolTemplate.aux)
\openout1 = `IndividulSchoolTemplate.aux'.

LaTeX Font Info:    Checking defaults for OML/cmm/m/it on input line 64.
LaTeX Font Info:    ... okay on input line 64.
LaTeX Font Info:    Checking defaults for T1/cmr/m/n on input line 64.
LaTeX Font Info:    ... okay on input line 64.
LaTeX Font Info:    Checking defaults for OT1/cmr/m/n on input line 64.
LaTeX Font Info:    ... okay on input line 64.
LaTeX Font Info:    Checking defaults for OMS/cmsy/m/n on input line 64.
LaTeX Font Info:    ... okay on input line 64.
LaTeX Font Info:    Checking defaults for OMX/cmex/m/n on input line 64.
LaTeX Font Info:    ... okay on input line 64.
LaTeX Font Info:    Checking defaults for U/cmr/m/n on input line 64.
LaTeX Font Info:    ... okay on input line 64.
LaTeX Font Info:    External font `cmex10' loaded for size
(Font)              <7> on input line 66.
LaTeX Font Info:    External font `cmex10' loaded for size
(Font)              <5> on input line 66.

Overfull \hbox (50.9928pt too wide) in paragraph at lines 66--73
[][] 
 []


Underfull \hbox (badness 10000) in paragraph at lines 96--96

 []


Overfull \hbox (28.46664pt too wide) in paragraph at lines 96--97
[][] 
 []


Underfull \hbox (badness 10000) in paragraph at lines 112--112
[][]
 []


Overfull \hbox (28.46664pt too wide) in paragraph at lines 112--113
[][] 
 []


Overfull \hbox (28.46664pt too wide) in paragraph at lines 129--130
[][] 
 []


Underfull \hbox (badness 10000) in paragraph at lines 160--160
[][]
 []


Overfull \hbox (28.46664pt too wide) in paragraph at lines 160--161
[][] 
 []

[1

{/var/lib/texmf/fonts/map/pdftex/updmap/pdftex.map}]
(./IndividulSchoolTemplate.aux) ) 
Here is how much of TeX's memory you used:
 249 strings out of 494953
 2933 string characters out of 6180976
 60483 words of memory out of 5000000
 3620 multiletter control sequences out of 15000+600000
 3640 words of font info for 14 fonts, out of 8000000 for 9000
 14 hyphenation exceptions out of 8191
 23i,12n,17p,169b,184s stack positions out of 5000i,500n,10000p,200000b,80000s
</usr/share/texlive/texmf-dist/fonts/type1/pub
lic/amsfonts/cm/cmr10.pfb>
Output written on IndividulSchoolTemplate.pdf (1 page, 19346 bytes).
PDF statistics:
 12 PDF objects out of 1000 (max. 8388607)
 7 compressed objects within 1 object stream
 0 named destinations out of 1000 (max. 500000)
 1 words of extra memory for PDF output out of 10000 (max. 10000000)

